# JRE version: OpenJDK Runtime Environment Temurin-21.0.10+7 (21.0.10+7) (build 21.0.10+7-LTS)
# Java VM: OpenJDK 64-Bit Server VM Temurin-21.0.10+7 (21.0.10+7-LTS, mixed mode, sharing, tiered, compressed oops, compressed class ptrs, parallel gc, windows-amd64)
GC Precious Log:
 CardTable entry size: 512
 CPUs: 16 total, 16 available
 Memory: 14188M
 Large Page Support: Disabled
 NUMA Support: Disabled
 Compressed Oops: Enabled (32-bit)
 Alignments: Space 512K, Generation 512K, Heap 2M
 Heap Min Capacity: 100M
 Heap Initial Capacity: 100M
 Heap Max Capacity: 2G
 Pre-touch: Disabled
 Parallel Workers: 13
Heap:
 PSYoungGen      total 26624K, used 12667K [0x00000000d5580000, 0x00000000d7580000, 0x0000000100000000)
  eden space 22016K, 48% used [0x00000000d5580000,0x00000000d5ff0a68,0x00000000d6b00000)
  from space 4608K, 42% used [0x00000000d6c80000,0x00000000d6e6e200,0x00000000d7100000)
  to   space 3072K, 0% used [0x00000000d7280000,0x00000000d7280000,0x00000000d7580000)
 ParOldGen       total 68608K, used 52014K [0x0000000080000000, 0x0000000084300000, 0x00000000d5580000)
  object space 68608K, 75% used [0x0000000080000000,0x00000000832cba38,0x0000000084300000)
 Metaspace       used 50441K, committed 51840K, reserved 1114112K
  class space    used 5485K, committed 6080K, reserved 1048576K
GC Heap History (20 events):
Event: 8.289 GC heap before
{Heap before GC invocations=20 (full 2):
 PSYoungGen      total 25088K, used 25066K [0x00000000d5580000, 0x00000000d8900000, 0x0000000100000000)
  eden space 22016K, 100% used [0x00000000d5580000,0x00000000d6b00000,0x00000000d6b00000)
  from space 3072K, 99% used [0x00000000d6b00000,0x00000000d6dfabe0,0x00000000d6e00000)
  to   space 15360K, 0% used [0x00000000d7a00000,0x00000000d7a00000,0x00000000d8900000)
 ParOldGen       total 68608K, used 33766K [0x0000000080000000, 0x0000000084300000, 0x00000000d5580000)
  object space 68608K, 49% used [0x0000000080000000,0x00000000820f9a50,0x0000000084300000)
 Metaspace       used 44089K, committed 45376K, reserved 1114112K
  class space    used 4726K, committed 5312K, reserved 1048576K
}
Event: 8.291 GC heap after
{Heap after GC invocations=20 (full 2):
 PSYoungGen      total 23552K, used 1376K [0x00000000d5580000, 0x00000000d7b80000, 0x0000000100000000)
  eden space 22016K, 0% used [0x00000000d5580000,0x00000000d5580000,0x00000000d6b00000)
  from space 1536K, 89% used [0x00000000d7a00000,0x00000000d7b58000,0x00000000d7b80000)
  to   space 6144K, 0% used [0x00000000d6f80000,0x00000000d6f80000,0x00000000d7580000)
 ParOldGen       total 68608K, used 36861K [0x0000000080000000, 0x0000000084300000, 0x00000000d5580000)
  object space 68608K, 53% used [0x0000000080000000,0x00000000823ff690,0x0000000084300000)
 Metaspace       used 44089K, committed 45376K, reserved 1114112K
  class space    used 4726K, committed 5312K, reserved 1048576K
}
Event: 8.549 GC heap before
{Heap before GC invocations=21 (full 2):
 PSYoungGen      total 23552K, used 23392K [0x00000000d5580000, 0x00000000d7b80000, 0x0000000100000000)
  eden space 22016K, 100% used [0x00000000d5580000,0x00000000d6b00000,0x00000000d6b00000)
  from space 1536K, 89% used [0x00000000d7a00000,0x00000000d7b58000,0x00000000d7b80000)
  to   space 6144K, 0% used [0x00000000d6f80000,0x00000000d6f80000,0x00000000d7580000)
 ParOldGen       total 68608K, used 36861K [0x0000000080000000, 0x0000000084300000, 0x00000000d5580000)
  object space 68608K, 53% used [0x0000000080000000,0x00000000823ff690,0x0000000084300000)
 Metaspace       used 46259K, committed 47488K, reserved 1114112K
  class space    used 5017K, committed 5568K, reserved 1048576K
}
Event: 8.551 GC heap after
{Heap after GC invocations=21 (full 2):
 PSYoungGen      total 28160K, used 1472K [0x00000000d5580000, 0x00000000d7a80000, 0x0000000100000000)
  eden space 22016K, 0% used [0x00000000d5580000,0x00000000d5580000,0x00000000d6b00000)
  from space 6144K, 23% used [0x00000000d6f80000,0x00000000d70f0000,0x00000000d7580000)
  to   space 2560K, 0% used [0x00000000d7800000,0x00000000d7800000,0x00000000d7a80000)
 ParOldGen       total 68608K, used 37988K [0x0000000080000000, 0x0000000084300000, 0x00000000d5580000)
  object space 68608K, 55% used [0x0000000080000000,0x00000000825193b0,0x0000000084300000)
 Metaspace       used 46259K, committed 47488K, reserved 1114112K
  class space    used 5017K, committed 5568K, reserved 1048576K
}
Event: 8.780 GC heap before
{Heap before GC invocations=22 (full 2):
 PSYoungGen      total 28160K, used 23488K [0x00000000d5580000, 0x00000000d7a80000, 0x0000000100000000)
  eden space 22016K, 100% used [0x00000000d5580000,0x00000000d6b00000,0x00000000d6b00000)
  from space 6144K, 23% used [0x00000000d6f80000,0x00000000d70f0000,0x00000000d7580000)
  to   space 2560K, 0% used [0x00000000d7800000,0x00000000d7800000,0x00000000d7a80000)
 ParOldGen       total 68608K, used 37988K [0x0000000080000000, 0x0000000084300000, 0x00000000d5580000)
  object space 68608K, 55% used [0x0000000080000000,0x00000000825193b0,0x0000000084300000)
 Metaspace       used 47376K, committed 48640K, reserved 1114112K
  class space    used 5142K, committed 5696K, reserved 1048576K
}
Event: 8.782 GC heap after
{Heap after GC invocations=22 (full 2):
 PSYoungGen      total 23040K, used 1019K [0x00000000d5580000, 0x00000000d7900000, 0x0000000100000000)
  eden space 22016K, 0% used [0x00000000d5580000,0x00000000d5580000,0x00000000d6b00000)
  from space 1024K, 99% used [0x00000000d7800000,0x00000000d78fee98,0x00000000d7900000)
  to   space 1536K, 0% used [0x00000000d7600000,0x00000000d7600000,0x00000000d7780000)
 ParOldGen       total 68608K, used 39170K [0x0000000080000000, 0x0000000084300000, 0x00000000d5580000)
  object space 68608K, 57% used [0x0000000080000000,0x0000000082640a80,0x0000000084300000)
 Metaspace       used 47376K, committed 48640K, reserved 1114112K
  class space    used 5142K, committed 5696K, reserved 1048576K
}
Event: 13.651 GC heap before
{Heap before GC invocations=23 (full 2):
 PSYoungGen      total 23040K, used 23035K [0x00000000d5580000, 0x00000000d7900000, 0x0000000100000000)
  eden space 22016K, 100% used [0x00000000d5580000,0x00000000d6b00000,0x00000000d6b00000)
  from space 1024K, 99% used [0x00000000d7800000,0x00000000d78fee98,0x00000000d7900000)
  to   space 1536K, 0% used [0x00000000d7600000,0x00000000d7600000,0x00000000d7780000)
 ParOldGen       total 68608K, used 39170K [0x0000000080000000, 0x0000000084300000, 0x00000000d5580000)
  object space 68608K, 57% used [0x0000000080000000,0x0000000082640a80,0x0000000084300000)
 Metaspace       used 49113K, committed 50560K, reserved 1114112K
  class space    used 5299K, committed 5952K, reserved 1048576K
}
Event: 13.653 GC heap after
{Heap after GC invocations=23 (full 2):
 PSYoungGen      total 23552K, used 1528K [0x00000000d5580000, 0x00000000d7880000, 0x0000000100000000)
  eden space 22016K, 0% used [0x00000000d5580000,0x00000000d5580000,0x00000000d6b00000)
  from space 1536K, 99% used [0x00000000d7600000,0x00000000d777e1d8,0x00000000d7780000)
  to   space 1024K, 0% used [0x00000000d7780000,0x00000000d7780000,0x00000000d7880000)
 ParOldGen       total 68608K, used 40119K [0x0000000080000000, 0x0000000084300000, 0x00000000d5580000)
  object space 68608K, 58% used [0x0000000080000000,0x000000008272dc50,0x0000000084300000)
 Metaspace       used 49113K, committed 50560K, reserved 1114112K
  class space    used 5299K, committed 5952K, reserved 1048576K
}
Event: 13.696 GC heap before
{Heap before GC invocations=24 (full 2):
 PSYoungGen      total 23552K, used 23544K [0x00000000d5580000, 0x00000000d7880000, 0x0000000100000000)
  eden space 22016K, 100% used [0x00000000d5580000,0x00000000d6b00000,0x00000000d6b00000)
  from space 1536K, 99% used [0x00000000d7600000,0x00000000d777e1d8,0x00000000d7780000)
  to   space 1024K, 0% used [0x00000000d7780000,0x00000000d7780000,0x00000000d7880000)
 ParOldGen       total 68608K, used 40119K [0x0000000080000000, 0x0000000084300000, 0x00000000d5580000)
  object space 68608K, 58% used [0x0000000080000000,0x000000008272dc50,0x0000000084300000)
 Metaspace       used 49115K, committed 50560K, reserved 1114112K
  class space    used 5299K, committed 5952K, reserved 1048576K
}
Event: 13.698 GC heap after
{Heap after GC invocations=24 (full 2):
 PSYoungGen      total 23040K, used 992K [0x00000000d5580000, 0x00000000d7880000, 0x0000000100000000)
  eden space 22016K, 0% used [0x00000000d5580000,0x00000000d5580000,0x00000000d6b00000)
  from space 1024K, 96% used [0x00000000d7780000,0x00000000d7878010,0x00000000d7880000)
  to   space 4096K, 0% used [0x00000000d7080000,0x00000000d7080000,0x00000000d7480000)
 ParOldGen       total 68608K, used 42620K [0x0000000080000000, 0x0000000084300000, 0x00000000d5580000)
  object space 68608K, 62% used [0x0000000080000000,0x000000008299f108,0x0000000084300000)
 Metaspace       used 49115K, committed 50560K, reserved 1114112K
  class space    used 5299K, committed 5952K, reserved 1048576K
}
Event: 13.766 GC heap before
{Heap before GC invocations=25 (full 2):
 PSYoungGen      total 23040K, used 23008K [0x00000000d5580000, 0x00000000d7880000, 0x0000000100000000)
  eden space 22016K, 100% used [0x00000000d5580000,0x00000000d6b00000,0x00000000d6b00000)
  from space 1024K, 96% used [0x00000000d7780000,0x00000000d7878010,0x00000000d7880000)
  to   space 4096K, 0% used [0x00000000d7080000,0x00000000d7080000,0x00000000d7480000)
 ParOldGen       total 68608K, used 42620K [0x0000000080000000, 0x0000000084300000, 0x00000000d5580000)
  object space 68608K, 62% used [0x0000000080000000,0x000000008299f108,0x0000000084300000)
 Metaspace       used 49464K, committed 50816K, reserved 1114112K
  class space    used 5351K, committed 5952K, reserved 1048576K
}
Event: 13.768 GC heap after
{Heap after GC invocations=25 (full 2):
 PSYoungGen      total 26112K, used 2562K [0x00000000d5580000, 0x00000000d7800000, 0x0000000100000000)
  eden space 22016K, 0% used [0x00000000d5580000,0x00000000d5580000,0x00000000d6b00000)
  from space 4096K, 62% used [0x00000000d7080000,0x00000000d7300820,0x00000000d7480000)
  to   space 3072K, 0% used [0x00000000d7500000,0x00000000d7500000,0x00000000d7800000)
 ParOldGen       total 68608K, used 43604K [0x0000000080000000, 0x0000000084300000, 0x00000000d5580000)
  object space 68608K, 63% used [0x0000000080000000,0x0000000082a95108,0x0000000084300000)
 Metaspace       used 49464K, committed 50816K, reserved 1114112K
  class space    used 5351K, committed 5952K, reserved 1048576K
}
Event: 13.812 GC heap before
{Heap before GC invocations=26 (full 2):
 PSYoungGen      total 26112K, used 24578K [0x00000000d5580000, 0x00000000d7800000, 0x0000000100000000)
  eden space 22016K, 100% used [0x00000000d5580000,0x00000000d6b00000,0x00000000d6b00000)
  from space 4096K, 62% used [0x00000000d7080000,0x00000000d7300820,0x00000000d7480000)
  to   space 3072K, 0% used [0x00000000d7500000,0x00000000d7500000,0x00000000d7800000)
 ParOldGen       total 68608K, used 43604K [0x0000000080000000, 0x0000000084300000, 0x00000000d5580000)
  object space 68608K, 63% used [0x0000000080000000,0x0000000082a95108,0x0000000084300000)
 Metaspace       used 49478K, committed 50880K, reserved 1114112K
  class space    used 5351K, committed 5952K, reserved 1048576K
}
Event: 13.814 GC heap after
{Heap after GC invocations=26 (full 2):
 PSYoungGen      total 24576K, used 2176K [0x00000000d5580000, 0x00000000d7780000, 0x0000000100000000)
  eden space 22016K, 0% used [0x00000000d5580000,0x00000000d5580000,0x00000000d6b00000)
  from space 2560K, 85% used [0x00000000d7500000,0x00000000d7720000,0x00000000d7780000)
  to   space 2560K, 0% used [0x00000000d7280000,0x00000000d7280000,0x00000000d7500000)
 ParOldGen       total 68608K, used 45930K [0x0000000080000000, 0x0000000084300000, 0x00000000d5580000)
  object space 68608K, 66% used [0x0000000080000000,0x0000000082cdaa50,0x0000000084300000)
 Metaspace       used 49478K, committed 50880K, reserved 1114112K
  class space    used 5351K, committed 5952K, reserved 1048576K
}
Event: 13.853 GC heap before
{Heap before GC invocations=27 (full 2):
 PSYoungGen      total 24576K, used 24192K [0x00000000d5580000, 0x00000000d7780000, 0x0000000100000000)
  eden space 22016K, 100% used [0x00000000d5580000,0x00000000d6b00000,0x00000000d6b00000)
  from space 2560K, 85% used [0x00000000d7500000,0x00000000d7720000,0x00000000d7780000)
  to   space 2560K, 0% used [0x00000000d7280000,0x00000000d7280000,0x00000000d7500000)
 ParOldGen       total 68608K, used 45930K [0x0000000080000000, 0x0000000084300000, 0x00000000d5580000)
  object space 68608K, 66% used [0x0000000080000000,0x0000000082cdaa50,0x0000000084300000)
 Metaspace       used 49483K, committed 50880K, reserved 1114112K
  class space    used 5351K, committed 5952K, reserved 1048576K
}
Event: 13.855 GC heap after
{Heap after GC invocations=27 (full 2):
 PSYoungGen      total 24576K, used 2148K [0x00000000d5580000, 0x00000000d7580000, 0x0000000100000000)
  eden space 22016K, 0% used [0x00000000d5580000,0x00000000d5580000,0x00000000d6b00000)
  from space 2560K, 83% used [0x00000000d7280000,0x00000000d7499000,0x00000000d7500000)
  to   space 512K, 0% used [0x00000000d7500000,0x00000000d7500000,0x00000000d7580000)
 ParOldGen       total 68608K, used 47905K [0x0000000080000000, 0x0000000084300000, 0x00000000d5580000)
  object space 68608K, 69% used [0x0000000080000000,0x0000000082ec8400,0x0000000084300000)
 Metaspace       used 49483K, committed 50880K, reserved 1114112K
  class space    used 5351K, committed 5952K, reserved 1048576K
}
Event: 13.917 GC heap before
{Heap before GC invocations=28 (full 2):
 PSYoungGen      total 24576K, used 24164K [0x00000000d5580000, 0x00000000d7580000, 0x0000000100000000)
  eden space 22016K, 100% used [0x00000000d5580000,0x00000000d6b00000,0x00000000d6b00000)
  from space 2560K, 83% used [0x00000000d7280000,0x00000000d7499000,0x00000000d7500000)
  to   space 512K, 0% used [0x00000000d7500000,0x00000000d7500000,0x00000000d7580000)
 ParOldGen       total 68608K, used 47905K [0x0000000080000000, 0x0000000084300000, 0x00000000d5580000)
  object space 68608K, 69% used [0x0000000080000000,0x0000000082ec8400,0x0000000084300000)
 Metaspace       used 49535K, committed 50944K, reserved 1114112K
  class space    used 5354K, committed 5952K, reserved 1048576K
}
Event: 13.919 GC heap after
{Heap after GC invocations=28 (full 2):
 PSYoungGen      total 22528K, used 512K [0x00000000d5580000, 0x00000000d7580000, 0x0000000100000000)
  eden space 22016K, 0% used [0x00000000d5580000,0x00000000d5580000,0x00000000d6b00000)
  from space 512K, 100% used [0x00000000d7500000,0x00000000d7580000,0x00000000d7580000)
  to   space 4608K, 0% used [0x00000000d6c80000,0x00000000d6c80000,0x00000000d7100000)
 ParOldGen       total 68608K, used 51454K [0x0000000080000000, 0x0000000084300000, 0x00000000d5580000)
  object space 68608K, 74% used [0x0000000080000000,0x000000008323fa38,0x0000000084300000)
 Metaspace       used 49535K, committed 50944K, reserved 1114112K
  class space    used 5354K, committed 5952K, reserved 1048576K
}
Event: 13.962 GC heap before
{Heap before GC invocations=29 (full 2):
 PSYoungGen      total 22528K, used 22528K [0x00000000d5580000, 0x00000000d7580000, 0x0000000100000000)
  eden space 22016K, 100% used [0x00000000d5580000,0x00000000d6b00000,0x00000000d6b00000)
  from space 512K, 100% used [0x00000000d7500000,0x00000000d7580000,0x00000000d7580000)
  to   space 4608K, 0% used [0x00000000d6c80000,0x00000000d6c80000,0x00000000d7100000)
 ParOldGen       total 68608K, used 51454K [0x0000000080000000, 0x0000000084300000, 0x00000000d5580000)
  object space 68608K, 74% used [0x0000000080000000,0x000000008323fa38,0x0000000084300000)
 Metaspace       used 49542K, committed 50944K, reserved 1114112K
  class space    used 5354K, committed 5952K, reserved 1048576K
}
Event: 13.964 GC heap after
{Heap after GC invocations=29 (full 2):
 PSYoungGen      total 26624K, used 1976K [0x00000000d5580000, 0x00000000d7580000, 0x0000000100000000)
  eden space 22016K, 0% used [0x00000000d5580000,0x00000000d5580000,0x00000000d6b00000)
  from space 4608K, 42% used [0x00000000d6c80000,0x00000000d6e6e200,0x00000000d7100000)
  to   space 3072K, 0% used [0x00000000d7280000,0x00000000d7280000,0x00000000d7580000)
 ParOldGen       total 68608K, used 52014K [0x0000000080000000, 0x0000000084300000, 0x00000000d5580000)
  object space 68608K, 75% used [0x0000000080000000,0x00000000832cba38,0x0000000084300000)
 Metaspace       used 49542K, committed 50944K, reserved 1114112K
  class space    used 5354K, committed 5952K, reserved 1048576K
}

