# JRE version: OpenJDK Runtime Environment Temurin-21.0.10+7 (21.0.10+7) (build 21.0.10+7-LTS)
# Java VM: OpenJDK 64-Bit Server VM Temurin-21.0.10+7 (21.0.10+7-LTS, mixed mode, sharing, tiered, compressed oops, compressed class ptrs, parallel gc, windows-amd64)
GC Precious Log:
 CardTable entry size: 512
 CPUs: 16 total, 16 available
 Memory: 14188M
 Large Page Support: Disabled
 NUMA Support: Disabled
 Compressed Oops: Enabled (32-bit)
 Alignments: Space 512K, Generation 512K, Heap 2M
 Heap Min Capacity: 100M
 Heap Initial Capacity: 100M
 Heap Max Capacity: 2G
 Pre-touch: Disabled
 Parallel Workers: 13
Heap:
 PSYoungGen      total 22528K, used 21240K [0x00000000d5580000, 0x00000000d7600000, 0x0000000100000000)
  eden space 19968K, 100% used [0x00000000d5580000,0x00000000d6900000,0x00000000d6900000)
  from space 2560K, 49% used [0x00000000d7100000,0x00000000d723e1c8,0x00000000d7380000)
  to   space 2048K, 98% used [0x00000000d7400000,0x00000000d75f8010,0x00000000d7600000)
 ParOldGen       total 68608K, used 40832K [0x0000000080000000, 0x0000000084300000, 0x00000000d5580000)
  object space 68608K, 59% used [0x0000000080000000,0x00000000827e01d8,0x0000000084300000)
 Metaspace       used 49118K, committed 50432K, reserved 1114112K
  class space    used 5303K, committed 5888K, reserved 1048576K
GC Heap History (20 events):
Event: 5.613 GC heap before
{Heap before GC invocations=14 (full 1):
 PSYoungGen      total 24064K, used 10966K [0x00000000d5580000, 0x00000000d7500000, 0x0000000100000000)
  eden space 22016K, 40% used [0x00000000d5580000,0x00000000d5e39980,0x00000000d6b00000)
  from space 2048K, 99% used [0x00000000d7080000,0x00000000d727c030,0x00000000d7280000)
  to   space 5120K, 0% used [0x00000000d6b00000,0x00000000d6b00000,0x00000000d7000000)
 ParOldGen       total 68608K, used 19446K [0x0000000080000000, 0x0000000084300000, 0x00000000d5580000)
  object space 68608K, 28% used [0x0000000080000000,0x00000000812fd8d8,0x0000000084300000)
 Metaspace       used 34630K, committed 35840K, reserved 1114112K
  class space    used 3530K, committed 4096K, reserved 1048576K
}
Event: 5.615 GC heap after
{Heap after GC invocations=14 (full 1):
 PSYoungGen      total 23040K, used 992K [0x00000000d5580000, 0x00000000d7100000, 0x0000000100000000)
  eden space 22016K, 0% used [0x00000000d5580000,0x00000000d5580000,0x00000000d6b00000)
  from space 1024K, 96% used [0x00000000d6b00000,0x00000000d6bf8000,0x00000000d6c00000)
  to   space 2560K, 0% used [0x00000000d6e80000,0x00000000d6e80000,0x00000000d7100000)
 ParOldGen       total 68608K, used 21338K [0x0000000080000000, 0x0000000084300000, 0x00000000d5580000)
  object space 68608K, 31% used [0x0000000080000000,0x00000000814d68b0,0x0000000084300000)
 Metaspace       used 34630K, committed 35840K, reserved 1114112K
  class space    used 3530K, committed 4096K, reserved 1048576K
}
Event: 5.615 GC heap before
{Heap before GC invocations=15 (full 2):
 PSYoungGen      total 23040K, used 992K [0x00000000d5580000, 0x00000000d7100000, 0x0000000100000000)
  eden space 22016K, 0% used [0x00000000d5580000,0x00000000d5580000,0x00000000d6b00000)
  from space 1024K, 96% used [0x00000000d6b00000,0x00000000d6bf8000,0x00000000d6c00000)
  to   space 2560K, 0% used [0x00000000d6e80000,0x00000000d6e80000,0x00000000d7100000)
 ParOldGen       total 68608K, used 21338K [0x0000000080000000, 0x0000000084300000, 0x00000000d5580000)
  object space 68608K, 31% used [0x0000000080000000,0x00000000814d68b0,0x0000000084300000)
 Metaspace       used 34630K, committed 35840K, reserved 1114112K
  class space    used 3530K, committed 4096K, reserved 1048576K
}
Event: 5.638 GC heap after
{Heap after GC invocations=15 (full 2):
 PSYoungGen      total 23040K, used 0K [0x00000000d5580000, 0x00000000d7100000, 0x0000000100000000)
  eden space 22016K, 0% used [0x00000000d5580000,0x00000000d5580000,0x00000000d6b00000)
  from space 1024K, 0% used [0x00000000d6b00000,0x00000000d6b00000,0x00000000d6c00000)
  to   space 2560K, 0% used [0x00000000d6e80000,0x00000000d6e80000,0x00000000d7100000)
 ParOldGen       total 68608K, used 21069K [0x0000000080000000, 0x0000000084300000, 0x00000000d5580000)
  object space 68608K, 30% used [0x0000000080000000,0x0000000081493438,0x0000000084300000)
 Metaspace       used 34630K, committed 35840K, reserved 1114112K
  class space    used 3530K, committed 4096K, reserved 1048576K
}
Event: 5.890 GC heap before
{Heap before GC invocations=16 (full 2):
 PSYoungGen      total 23040K, used 22015K [0x00000000d5580000, 0x00000000d7100000, 0x0000000100000000)
  eden space 22016K, 99% used [0x00000000d5580000,0x00000000d6afffe8,0x00000000d6b00000)
  from space 1024K, 0% used [0x00000000d6b00000,0x00000000d6b00000,0x00000000d6c00000)
  to   space 2560K, 0% used [0x00000000d6e80000,0x00000000d6e80000,0x00000000d7100000)
 ParOldGen       total 68608K, used 21069K [0x0000000080000000, 0x0000000084300000, 0x00000000d5580000)
  object space 68608K, 30% used [0x0000000080000000,0x0000000081493438,0x0000000084300000)
 Metaspace       used 36759K, committed 38080K, reserved 1114112K
  class space    used 3742K, committed 4352K, reserved 1048576K
}
Event: 5.892 GC heap after
{Heap after GC invocations=16 (full 2):
 PSYoungGen      total 22528K, used 2560K [0x00000000d5580000, 0x00000000d7600000, 0x0000000100000000)
  eden space 19968K, 0% used [0x00000000d5580000,0x00000000d5580000,0x00000000d6900000)
  from space 2560K, 100% used [0x00000000d6e80000,0x00000000d7100000,0x00000000d7100000)
  to   space 5632K, 0% used [0x00000000d6900000,0x00000000d6900000,0x00000000d6e80000)
 ParOldGen       total 68608K, used 23183K [0x0000000080000000, 0x0000000084300000, 0x00000000d5580000)
  object space 68608K, 33% used [0x0000000080000000,0x00000000816a3f70,0x0000000084300000)
 Metaspace       used 36759K, committed 38080K, reserved 1114112K
  class space    used 3742K, committed 4352K, reserved 1048576K
}
Event: 6.048 GC heap before
{Heap before GC invocations=17 (full 2):
 PSYoungGen      total 22528K, used 22528K [0x00000000d5580000, 0x00000000d7600000, 0x0000000100000000)
  eden space 19968K, 100% used [0x00000000d5580000,0x00000000d6900000,0x00000000d6900000)
  from space 2560K, 100% used [0x00000000d6e80000,0x00000000d7100000,0x00000000d7100000)
  to   space 5632K, 0% used [0x00000000d6900000,0x00000000d6900000,0x00000000d6e80000)
 ParOldGen       total 68608K, used 23183K [0x0000000080000000, 0x0000000084300000, 0x00000000d5580000)
  object space 68608K, 33% used [0x0000000080000000,0x00000000816a3f70,0x0000000084300000)
 Metaspace       used 37961K, committed 39232K, reserved 1114112K
  class space    used 3910K, committed 4480K, reserved 1048576K
}
Event: 6.054 GC heap after
{Heap after GC invocations=17 (full 2):
 PSYoungGen      total 25600K, used 5618K [0x00000000d5580000, 0x00000000d8400000, 0x0000000100000000)
  eden space 19968K, 0% used [0x00000000d5580000,0x00000000d5580000,0x00000000d6900000)
  from space 5632K, 99% used [0x00000000d6900000,0x00000000d6e7c8b8,0x00000000d6e80000)
  to   space 13824K, 0% used [0x00000000d7680000,0x00000000d7680000,0x00000000d8400000)
 ParOldGen       total 68608K, used 29904K [0x0000000080000000, 0x0000000084300000, 0x00000000d5580000)
  object space 68608K, 43% used [0x0000000080000000,0x0000000081d340e0,0x0000000084300000)
 Metaspace       used 37961K, committed 39232K, reserved 1114112K
  class space    used 3910K, committed 4480K, reserved 1048576K
}
Event: 6.272 GC heap before
{Heap before GC invocations=18 (full 2):
 PSYoungGen      total 25600K, used 25586K [0x00000000d5580000, 0x00000000d8400000, 0x0000000100000000)
  eden space 19968K, 100% used [0x00000000d5580000,0x00000000d6900000,0x00000000d6900000)
  from space 5632K, 99% used [0x00000000d6900000,0x00000000d6e7c8b8,0x00000000d6e80000)
  to   space 13824K, 0% used [0x00000000d7680000,0x00000000d7680000,0x00000000d8400000)
 ParOldGen       total 68608K, used 29904K [0x0000000080000000, 0x0000000084300000, 0x00000000d5580000)
  object space 68608K, 43% used [0x0000000080000000,0x0000000081d340e0,0x0000000084300000)
 Metaspace       used 39433K, committed 40768K, reserved 1114112K
  class space    used 4134K, committed 4736K, reserved 1048576K
}
Event: 6.276 GC heap after
{Heap after GC invocations=18 (full 2):
 PSYoungGen      total 20992K, used 672K [0x00000000d5580000, 0x00000000d7780000, 0x0000000100000000)
  eden space 19968K, 0% used [0x00000000d5580000,0x00000000d5580000,0x00000000d6900000)
  from space 1024K, 65% used [0x00000000d7680000,0x00000000d7728000,0x00000000d7780000)
  to   space 5120K, 0% used [0x00000000d6d80000,0x00000000d6d80000,0x00000000d7280000)
 ParOldGen       total 68608K, used 35611K [0x0000000080000000, 0x0000000084300000, 0x00000000d5580000)
  object space 68608K, 51% used [0x0000000080000000,0x00000000822c6c78,0x0000000084300000)
 Metaspace       used 39433K, committed 40768K, reserved 1114112K
  class space    used 4134K, committed 4736K, reserved 1048576K
}
Event: 6.494 GC heap before
{Heap before GC invocations=19 (full 2):
 PSYoungGen      total 20992K, used 20640K [0x00000000d5580000, 0x00000000d7780000, 0x0000000100000000)
  eden space 19968K, 100% used [0x00000000d5580000,0x00000000d6900000,0x00000000d6900000)
  from space 1024K, 65% used [0x00000000d7680000,0x00000000d7728000,0x00000000d7780000)
  to   space 5120K, 0% used [0x00000000d6d80000,0x00000000d6d80000,0x00000000d7280000)
 ParOldGen       total 68608K, used 35611K [0x0000000080000000, 0x0000000084300000, 0x00000000d5580000)
  object space 68608K, 51% used [0x0000000080000000,0x00000000822c6c78,0x0000000084300000)
 Metaspace       used 41062K, committed 42432K, reserved 1114112K
  class space    used 4343K, committed 4928K, reserved 1048576K
}
Event: 6.495 GC heap after
{Heap after GC invocations=19 (full 2):
 PSYoungGen      total 25088K, used 672K [0x00000000d5580000, 0x00000000d7700000, 0x0000000100000000)
  eden space 19968K, 0% used [0x00000000d5580000,0x00000000d5580000,0x00000000d6900000)
  from space 5120K, 13% used [0x00000000d6d80000,0x00000000d6e28000,0x00000000d7280000)
  to   space 1536K, 0% used [0x00000000d7580000,0x00000000d7580000,0x00000000d7700000)
 ParOldGen       total 68608K, used 36059K [0x0000000080000000, 0x0000000084300000, 0x00000000d5580000)
  object space 68608K, 52% used [0x0000000080000000,0x0000000082336c78,0x0000000084300000)
 Metaspace       used 41062K, committed 42432K, reserved 1114112K
  class space    used 4343K, committed 4928K, reserved 1048576K
}
Event: 6.722 GC heap before
{Heap before GC invocations=20 (full 2):
 PSYoungGen      total 25088K, used 20640K [0x00000000d5580000, 0x00000000d7700000, 0x0000000100000000)
  eden space 19968K, 100% used [0x00000000d5580000,0x00000000d6900000,0x00000000d6900000)
  from space 5120K, 13% used [0x00000000d6d80000,0x00000000d6e28000,0x00000000d7280000)
  to   space 1536K, 0% used [0x00000000d7580000,0x00000000d7580000,0x00000000d7700000)
 ParOldGen       total 68608K, used 36059K [0x0000000080000000, 0x0000000084300000, 0x00000000d5580000)
  object space 68608K, 52% used [0x0000000080000000,0x0000000082336c78,0x0000000084300000)
 Metaspace       used 43247K, committed 44608K, reserved 1114112K
  class space    used 4626K, committed 5248K, reserved 1048576K
}
Event: 6.723 GC heap after
{Heap after GC invocations=20 (full 2):
 PSYoungGen      total 21504K, used 1088K [0x00000000d5580000, 0x00000000d7700000, 0x0000000100000000)
  eden space 19968K, 0% used [0x00000000d5580000,0x00000000d5580000,0x00000000d6900000)
  from space 1536K, 70% used [0x00000000d7580000,0x00000000d7690000,0x00000000d7700000)
  to   space 1536K, 0% used [0x00000000d7400000,0x00000000d7400000,0x00000000d7580000)
 ParOldGen       total 68608K, used 36507K [0x0000000080000000, 0x0000000084300000, 0x00000000d5580000)
  object space 68608K, 53% used [0x0000000080000000,0x00000000823a6c78,0x0000000084300000)
 Metaspace       used 43247K, committed 44608K, reserved 1114112K
  class space    used 4626K, committed 5248K, reserved 1048576K
}
Event: 7.004 GC heap before
{Heap before GC invocations=21 (full 2):
 PSYoungGen      total 21504K, used 21056K [0x00000000d5580000, 0x00000000d7700000, 0x0000000100000000)
  eden space 19968K, 100% used [0x00000000d5580000,0x00000000d6900000,0x00000000d6900000)
  from space 1536K, 70% used [0x00000000d7580000,0x00000000d7690000,0x00000000d7700000)
  to   space 1536K, 0% used [0x00000000d7400000,0x00000000d7400000,0x00000000d7580000)
 ParOldGen       total 68608K, used 36507K [0x0000000080000000, 0x0000000084300000, 0x00000000d5580000)
  object space 68608K, 53% used [0x0000000080000000,0x00000000823a6c78,0x0000000084300000)
 Metaspace       used 45528K, committed 46848K, reserved 1114112K
  class space    used 4934K, committed 5504K, reserved 1048576K
}
Event: 7.006 GC heap after
{Heap after GC invocations=21 (full 2):
 PSYoungGen      total 21504K, used 1376K [0x00000000d5580000, 0x00000000d7600000, 0x0000000100000000)
  eden space 19968K, 0% used [0x00000000d5580000,0x00000000d5580000,0x00000000d6900000)
  from space 1536K, 89% used [0x00000000d7400000,0x00000000d7558000,0x00000000d7580000)
  to   space 512K, 0% used [0x00000000d7580000,0x00000000d7580000,0x00000000d7600000)
 ParOldGen       total 68608K, used 37418K [0x0000000080000000, 0x0000000084300000, 0x00000000d5580000)
  object space 68608K, 54% used [0x0000000080000000,0x000000008248a978,0x0000000084300000)
 Metaspace       used 45528K, committed 46848K, reserved 1114112K
  class space    used 4934K, committed 5504K, reserved 1048576K
}
Event: 7.274 GC heap before
{Heap before GC invocations=22 (full 2):
 PSYoungGen      total 21504K, used 21344K [0x00000000d5580000, 0x00000000d7600000, 0x0000000100000000)
  eden space 19968K, 100% used [0x00000000d5580000,0x00000000d6900000,0x00000000d6900000)
  from space 1536K, 89% used [0x00000000d7400000,0x00000000d7558000,0x00000000d7580000)
  to   space 512K, 0% used [0x00000000d7580000,0x00000000d7580000,0x00000000d7600000)
 ParOldGen       total 68608K, used 37418K [0x0000000080000000, 0x0000000084300000, 0x00000000d5580000)
  object space 68608K, 54% used [0x0000000080000000,0x000000008248a978,0x0000000084300000)
 Metaspace       used 47375K, committed 48576K, reserved 1114112K
  class space    used 5134K, committed 5696K, reserved 1048576K
}
Event: 7.276 GC heap after
{Heap after GC invocations=22 (full 2):
 PSYoungGen      total 20480K, used 496K [0x00000000d5580000, 0x00000000d7600000, 0x0000000100000000)
  eden space 19968K, 0% used [0x00000000d5580000,0x00000000d5580000,0x00000000d6900000)
  from space 512K, 96% used [0x00000000d7580000,0x00000000d75fc020,0x00000000d7600000)
  to   space 2560K, 0% used [0x00000000d7100000,0x00000000d7100000,0x00000000d7380000)
 ParOldGen       total 68608K, used 39232K [0x0000000080000000, 0x0000000084300000, 0x00000000d5580000)
  object space 68608K, 57% used [0x0000000080000000,0x0000000082650268,0x0000000084300000)
 Metaspace       used 47375K, committed 48576K, reserved 1114112K
  class space    used 5134K, committed 5696K, reserved 1048576K
}
Event: 7.494 GC heap before
{Heap before GC invocations=23 (full 2):
 PSYoungGen      total 20480K, used 20464K [0x00000000d5580000, 0x00000000d7600000, 0x0000000100000000)
  eden space 19968K, 100% used [0x00000000d5580000,0x00000000d6900000,0x00000000d6900000)
  from space 512K, 96% used [0x00000000d7580000,0x00000000d75fc020,0x00000000d7600000)
  to   space 2560K, 0% used [0x00000000d7100000,0x00000000d7100000,0x00000000d7380000)
 ParOldGen       total 68608K, used 39232K [0x0000000080000000, 0x0000000084300000, 0x00000000d5580000)
  object space 68608K, 57% used [0x0000000080000000,0x0000000082650268,0x0000000084300000)
 Metaspace       used 48646K, committed 49984K, reserved 1114112K
  class space    used 5264K, committed 5888K, reserved 1048576K
}
Event: 7.495 GC heap after
{Heap after GC invocations=23 (full 2):
 PSYoungGen      total 22528K, used 1272K [0x00000000d5580000, 0x00000000d7600000, 0x0000000100000000)
  eden space 19968K, 0% used [0x00000000d5580000,0x00000000d5580000,0x00000000d6900000)
  from space 2560K, 49% used [0x00000000d7100000,0x00000000d723e1c8,0x00000000d7380000)
  to   space 2048K, 0% used [0x00000000d7400000,0x00000000d7400000,0x00000000d7600000)
 ParOldGen       total 68608K, used 39722K [0x0000000080000000, 0x0000000084300000, 0x00000000d5580000)
  object space 68608K, 57% used [0x0000000080000000,0x00000000826ca8d8,0x0000000084300000)
 Metaspace       used 48646K, committed 49984K, reserved 1114112K
  class space    used 5264K, committed 5888K, reserved 1048576K
}

